2019-09-07 11:43:49: [dataHost=localhost1, dataSource=hostS1,statue=ok status -> error status]
2019-09-07 11:43:49: [dataHost=localhost1, dataSource=hostS2,statue=ok status -> error status]
2019-09-07 11:43:50: [dataHost=localhost1, dataSource=hostM1,statue=ok status -> error status]
2019-09-07 11:47:47: [dataHost=localhost1, dataSource=hostM1,statue=ok status -> error status]
2019-09-07 11:47:47: [dataHost=localhost1, dataSource=hostS2,statue=ok status -> error status]
2019-09-07 11:50:57: [dataHost=localhost1, dataSource=hostM1,statue=error status -> timeout status]
2019-09-07 11:53:17: [dataHost=localhost1, dataSource=hostM1,statue=timeout status -> error status]
2019-09-08 13:48:00: [dataHost=localhost1, dataSource=hostM1,statue=ok status -> error status]
2019-09-08 13:52:40: [dataHost=localhost1, dataSource=hostM1,statue=error status -> timeout status]
2019-09-08 13:54:00: [dataHost=localhost1, dataSource=hostM1,statue=timeout status -> error status]
2019-09-08 17:36:44: [dataHost=localhost1, dataSource=hostM1,statue=ok status -> error status]
2019-09-08 19:48:51: [dataHost=localhost1, dataSource=hostM1,statue=error status -> ok status]
2020-01-19 17:25:34: [dataHost=aliyun, dataSource=hostM1,statue=ok status -> error status]
2020-01-19 17:25:34: [dataHost=aliyun, dataSource=hostS1,statue=ok status -> error status]
2020-01-19 17:27:54: [dataHost=aliyun, dataSource=hostM1,statue=error status -> timeout status]
2020-01-19 17:28:24: [dataHost=aliyun, dataSource=hostM1,statue=timeout status -> error status]
2020-01-19 17:28:54: [dataHost=aliyun, dataSource=hostS1,statue=error status -> timeout status]
2020-01-19 17:29:13: [dataHost=aliyun, dataSource=hostS1,statue=timeout status -> error status]
2020-01-19 17:31:24: [dataHost=aliyun, dataSource=hostM1,statue=error status -> ok status]
2020-01-19 17:31:34: [dataHost=aliyun, dataSource=hostS1,statue=error status -> ok status]
